{"timestamp": "2025-07-01T16:21:36.837906", "level": "INFO", "logger": "root", "message": "Logging configuration initialized", "module": "logging_config", "function": "setup_logging", "line": 120}
{"timestamp": "2025-07-01T16:21:36.837906", "level": "INFO", "logger": "__main__", "message": "Starting ETNA Threat Hunting Platform", "module": "main", "function": "<module>", "line": 24}
{"timestamp": "2025-07-01T16:21:37.201232", "level": "INFO", "logger": "src.security", "message": "File validation passed: data/logs/sample_log.csv", "module": "security", "function": "validate_file_path", "line": 106}
{"timestamp": "2025-07-01T16:21:37.202248", "level": "INFO", "logger": "src.security", "message": "File validation passed: data/logs/sample_log.csv", "module": "security", "function": "validate_file_path", "line": 106}
{"timestamp": "2025-07-01T16:21:37.202248", "level": "INFO", "logger": "src.log_parser", "message": "File validation passed for: data/logs/sample_log.csv", "module": "log_parser", "function": "__init__", "line": 37}
{"timestamp": "2025-07-01T16:21:37.219189", "level": "INFO", "logger": "src.log_parser", "message": "File hash: 81aaff0f2d243deebcefb590049f1177d62e8c61d8c59604720b063dfebdee19", "module": "log_parser", "function": "__init__", "line": 45}
{"timestamp": "2025-07-01T16:21:37.230205", "level": "INFO", "logger": "src.log_parser", "message": "Successfully parsed and normalized 8 records from data/logs/sample_log.csv", "module": "log_parser", "function": "parse", "line": 155}
{"timestamp": "2025-07-01T16:21:42.811966", "level": "INFO", "logger": "__main__", "message": "ETNA execution completed successfully", "module": "main", "function": "<module>", "line": 173}
{"timestamp": "2025-07-01T16:21:54.265505", "level": "INFO", "logger": "root", "message": "Logging configuration initialized", "module": "logging_config", "function": "setup_logging", "line": 120}
{"timestamp": "2025-07-01T16:21:54.265505", "level": "INFO", "logger": "__main__", "message": "Starting ETNA Threat Hunting Platform", "module": "main", "function": "<module>", "line": 24}
{"timestamp": "2025-07-01T16:21:54.620246", "level": "INFO", "logger": "src.security", "message": "File validation passed: data/logs/sample_log.csv", "module": "security", "function": "validate_file_path", "line": 106}
{"timestamp": "2025-07-01T16:21:54.623249", "level": "INFO", "logger": "src.security", "message": "File validation passed: data/logs/sample_log.csv", "module": "security", "function": "validate_file_path", "line": 106}
{"timestamp": "2025-07-01T16:21:54.624248", "level": "INFO", "logger": "src.log_parser", "message": "File validation passed for: data/logs/sample_log.csv", "module": "log_parser", "function": "__init__", "line": 37}
{"timestamp": "2025-07-01T16:21:54.627249", "level": "INFO", "logger": "src.log_parser", "message": "File hash: 81aaff0f2d243deebcefb590049f1177d62e8c61d8c59604720b063dfebdee19", "module": "log_parser", "function": "__init__", "line": 45}
{"timestamp": "2025-07-01T16:21:54.643777", "level": "INFO", "logger": "src.log_parser", "message": "Successfully parsed and normalized 8 records from data/logs/sample_log.csv", "module": "log_parser", "function": "parse", "line": 155}
{"timestamp": "2025-07-01T16:21:56.047425", "level": "INFO", "logger": "__main__", "message": "ETNA execution completed successfully", "module": "main", "function": "<module>", "line": 173}
{"timestamp": "2025-07-01T16:25:16.270341", "level": "INFO", "logger": "root", "message": "Logging configuration initialized", "module": "logging_config", "function": "setup_logging", "line": 120}
{"timestamp": "2025-07-01T16:25:16.271324", "level": "INFO", "logger": "__main__", "message": "Starting ETNA Threat Hunting Platform", "module": "main", "function": "<module>", "line": 24}
{"timestamp": "2025-07-01T16:25:16.302869", "level": "INFO", "logger": "src.security", "message": "File validation passed: data/logs/sample_log.csv", "module": "security", "function": "validate_file_path", "line": 106}
{"timestamp": "2025-07-01T16:25:16.303868", "level": "INFO", "logger": "src.security", "message": "File validation passed: data/logs/sample_log.csv", "module": "security", "function": "validate_file_path", "line": 106}
{"timestamp": "2025-07-01T16:25:16.304869", "level": "INFO", "logger": "src.log_parser", "message": "File validation passed for: data/logs/sample_log.csv", "module": "log_parser", "function": "__init__", "line": 37}
{"timestamp": "2025-07-01T16:25:16.306868", "level": "INFO", "logger": "src.log_parser", "message": "File hash: 81aaff0f2d243deebcefb590049f1177d62e8c61d8c59604720b063dfebdee19", "module": "log_parser", "function": "__init__", "line": 45}
{"timestamp": "2025-07-01T16:25:16.315010", "level": "INFO", "logger": "src.log_parser", "message": "Successfully parsed and normalized 8 records from data/logs/sample_log.csv", "module": "log_parser", "function": "parse", "line": 155}
{"timestamp": "2025-07-01T16:25:16.396021", "level": "ERROR", "logger": "__main__", "message": "Unexpected error: 'technique_id'", "module": "main", "function": "<module>", "line": 181}
{"timestamp": "2025-07-01T16:28:43.831762", "level": "INFO", "logger": "root", "message": "Logging configuration initialized", "module": "logging_config", "function": "setup_logging", "line": 120}
{"timestamp": "2025-07-01T16:28:43.832758", "level": "INFO", "logger": "__main__", "message": "Starting ETNA Threat Hunting Platform", "module": "main", "function": "<module>", "line": 24}
{"timestamp": "2025-07-01T16:28:43.852275", "level": "INFO", "logger": "src.security", "message": "File validation passed: data/logs/sample_log.csv", "module": "security", "function": "validate_file_path", "line": 106}
{"timestamp": "2025-07-01T16:28:43.856278", "level": "INFO", "logger": "src.security", "message": "File validation passed: data/logs/sample_log.csv", "module": "security", "function": "validate_file_path", "line": 106}
{"timestamp": "2025-07-01T16:28:43.856278", "level": "INFO", "logger": "src.log_parser", "message": "File validation passed for: data/logs/sample_log.csv", "module": "log_parser", "function": "__init__", "line": 37}
{"timestamp": "2025-07-01T16:28:43.859277", "level": "INFO", "logger": "src.log_parser", "message": "File hash: 81aaff0f2d243deebcefb590049f1177d62e8c61d8c59604720b063dfebdee19", "module": "log_parser", "function": "__init__", "line": 45}
{"timestamp": "2025-07-01T16:28:43.876282", "level": "INFO", "logger": "src.log_parser", "message": "Successfully parsed and normalized 8 records from data/logs/sample_log.csv", "module": "log_parser", "function": "parse", "line": 155}
{"timestamp": "2025-07-01T16:28:43.888277", "level": "ERROR", "logger": "__main__", "message": "Unexpected error: 'technique_id'", "module": "main", "function": "<module>", "line": 181}
{"timestamp": "2025-07-01T16:56:54.893396", "level": "INFO", "logger": "root", "message": "Logging configuration initialized", "module": "logging_config", "function": "setup_logging", "line": 120}
{"timestamp": "2025-07-01T16:56:54.894381", "level": "INFO", "logger": "__main__", "message": "Starting ETNA Threat Hunting Platform", "module": "main", "function": "<module>", "line": 24}
{"timestamp": "2025-07-01T16:56:54.906380", "level": "INFO", "logger": "src.security", "message": "File validation passed: data/logs/sample_log.csv", "module": "security", "function": "validate_file_path", "line": 106}
{"timestamp": "2025-07-01T16:56:54.908379", "level": "INFO", "logger": "src.security", "message": "File validation passed: data/logs/sample_log.csv", "module": "security", "function": "validate_file_path", "line": 106}
{"timestamp": "2025-07-01T16:56:54.908379", "level": "INFO", "logger": "src.log_parser", "message": "File validation passed for: data/logs/sample_log.csv", "module": "log_parser", "function": "__init__", "line": 37}
{"timestamp": "2025-07-01T16:56:54.909409", "level": "INFO", "logger": "src.log_parser", "message": "File hash: 81aaff0f2d243deebcefb590049f1177d62e8c61d8c59604720b063dfebdee19", "module": "log_parser", "function": "__init__", "line": 45}
{"timestamp": "2025-07-01T16:56:54.919381", "level": "INFO", "logger": "src.log_parser", "message": "Successfully parsed and normalized 8 records from data/logs/sample_log.csv", "module": "log_parser", "function": "parse", "line": 155}
{"timestamp": "2025-07-01T16:56:54.928386", "level": "ERROR", "logger": "__main__", "message": "Unexpected error: 'technique_id'", "module": "main", "function": "<module>", "line": 181}
{"timestamp": "2025-07-01T17:01:56.818048", "level": "INFO", "logger": "root", "message": "Logging configuration initialized", "module": "logging_config", "function": "setup_logging", "line": 120}
{"timestamp": "2025-07-01T17:01:56.819046", "level": "INFO", "logger": "__main__", "message": "Starting ETNA Threat Hunting Platform", "module": "main", "function": "<module>", "line": 24}
{"timestamp": "2025-07-01T17:01:56.821029", "level": "INFO", "logger": "src.cti_integration", "message": "No MITRE data available, fetching...", "module": "cti_integration", "function": "get_techniques_dataframe", "line": 478}
{"timestamp": "2025-07-01T17:01:56.823044", "level": "WARNING", "logger": "src.cti_integration", "message": "No MITRE techniques found in data", "module": "cti_integration", "function": "get_techniques_dataframe", "line": 516}
{"timestamp": "2025-07-01T17:01:56.824042", "level": "INFO", "logger": "src.cti_integration", "message": "Loaded 0 MITRE techniques", "module": "cti_integration", "function": "get_techniques_dataframe", "line": 519}
{"timestamp": "2025-07-01T17:01:56.832343", "level": "INFO", "logger": "src.security", "message": "File validation passed: data/logs/sample_log.csv", "module": "security", "function": "validate_file_path", "line": 106}
{"timestamp": "2025-07-01T17:01:56.833343", "level": "INFO", "logger": "src.security", "message": "File validation passed: data/logs/sample_log.csv", "module": "security", "function": "validate_file_path", "line": 106}
{"timestamp": "2025-07-01T17:01:56.834342", "level": "INFO", "logger": "src.log_parser", "message": "File validation passed for: data/logs/sample_log.csv", "module": "log_parser", "function": "__init__", "line": 37}
{"timestamp": "2025-07-01T17:01:56.836465", "level": "INFO", "logger": "src.log_parser", "message": "File hash: 81aaff0f2d243deebcefb590049f1177d62e8c61d8c59604720b063dfebdee19", "module": "log_parser", "function": "__init__", "line": 45}
{"timestamp": "2025-07-01T17:01:56.862663", "level": "INFO", "logger": "src.log_parser", "message": "Successfully parsed and normalized 8 records from data/logs/sample_log.csv", "module": "log_parser", "function": "parse", "line": 155}
{"timestamp": "2025-07-01T17:01:56.868663", "level": "WARNING", "logger": "src.cti_integration", "message": "Techniques DataFrame is empty, attempting to reload...", "module": "cti_integration", "function": "get_technique_by_id", "line": 525}
{"timestamp": "2025-07-01T17:01:56.869662", "level": "WARNING", "logger": "src.cti_integration", "message": "No MITRE techniques found in data", "module": "cti_integration", "function": "get_techniques_dataframe", "line": 516}
{"timestamp": "2025-07-01T17:01:56.870667", "level": "INFO", "logger": "src.cti_integration", "message": "Loaded 0 MITRE techniques", "module": "cti_integration", "function": "get_techniques_dataframe", "line": 519}
{"timestamp": "2025-07-01T17:01:56.870667", "level": "ERROR", "logger": "src.cti_integration", "message": "No MITRE techniques available", "module": "cti_integration", "function": "get_technique_by_id", "line": 530}
{"timestamp": "2025-07-01T17:01:56.871664", "level": "WARNING", "logger": "src.cti_integration", "message": "Techniques DataFrame is empty, attempting to reload...", "module": "cti_integration", "function": "get_technique_by_id", "line": 525}
{"timestamp": "2025-07-01T17:01:56.872663", "level": "WARNING", "logger": "src.cti_integration", "message": "No MITRE techniques found in data", "module": "cti_integration", "function": "get_techniques_dataframe", "line": 516}
{"timestamp": "2025-07-01T17:01:56.873664", "level": "INFO", "logger": "src.cti_integration", "message": "Loaded 0 MITRE techniques", "module": "cti_integration", "function": "get_techniques_dataframe", "line": 519}
{"timestamp": "2025-07-01T17:01:56.873664", "level": "ERROR", "logger": "src.cti_integration", "message": "No MITRE techniques available", "module": "cti_integration", "function": "get_technique_by_id", "line": 530}
{"timestamp": "2025-07-01T17:01:56.874681", "level": "WARNING", "logger": "src.cti_integration", "message": "Techniques DataFrame is empty, attempting to reload...", "module": "cti_integration", "function": "get_technique_by_id", "line": 525}
{"timestamp": "2025-07-01T17:01:56.874681", "level": "WARNING", "logger": "src.cti_integration", "message": "No MITRE techniques found in data", "module": "cti_integration", "function": "get_techniques_dataframe", "line": 516}
{"timestamp": "2025-07-01T17:01:56.874681", "level": "INFO", "logger": "src.cti_integration", "message": "Loaded 0 MITRE techniques", "module": "cti_integration", "function": "get_techniques_dataframe", "line": 519}
{"timestamp": "2025-07-01T17:01:56.874681", "level": "ERROR", "logger": "src.cti_integration", "message": "No MITRE techniques available", "module": "cti_integration", "function": "get_technique_by_id", "line": 530}
{"timestamp": "2025-07-01T17:01:56.875663", "level": "WARNING", "logger": "src.cti_integration", "message": "Techniques DataFrame is empty, attempting to reload...", "module": "cti_integration", "function": "get_technique_by_id", "line": 525}
{"timestamp": "2025-07-01T17:01:56.876786", "level": "WARNING", "logger": "src.cti_integration", "message": "No MITRE techniques found in data", "module": "cti_integration", "function": "get_techniques_dataframe", "line": 516}
{"timestamp": "2025-07-01T17:01:56.876786", "level": "INFO", "logger": "src.cti_integration", "message": "Loaded 0 MITRE techniques", "module": "cti_integration", "function": "get_techniques_dataframe", "line": 519}
{"timestamp": "2025-07-01T17:01:56.876786", "level": "ERROR", "logger": "src.cti_integration", "message": "No MITRE techniques available", "module": "cti_integration", "function": "get_technique_by_id", "line": 530}
{"timestamp": "2025-07-01T17:01:56.877806", "level": "WARNING", "logger": "src.cti_integration", "message": "Techniques DataFrame is empty, attempting to reload...", "module": "cti_integration", "function": "get_technique_by_id", "line": 525}
{"timestamp": "2025-07-01T17:01:56.877806", "level": "WARNING", "logger": "src.cti_integration", "message": "No MITRE techniques found in data", "module": "cti_integration", "function": "get_techniques_dataframe", "line": 516}
{"timestamp": "2025-07-01T17:01:56.878790", "level": "INFO", "logger": "src.cti_integration", "message": "Loaded 0 MITRE techniques", "module": "cti_integration", "function": "get_techniques_dataframe", "line": 519}
{"timestamp": "2025-07-01T17:01:56.878790", "level": "ERROR", "logger": "src.cti_integration", "message": "No MITRE techniques available", "module": "cti_integration", "function": "get_technique_by_id", "line": 530}
{"timestamp": "2025-07-01T17:02:00.523576", "level": "INFO", "logger": "__main__", "message": "ETNA execution completed successfully", "module": "main", "function": "<module>", "line": 173}
{"timestamp": "2025-07-01T17:05:37.147955", "level": "INFO", "logger": "root", "message": "Logging configuration initialized", "module": "logging_config", "function": "setup_logging", "line": 120}
{"timestamp": "2025-07-01T17:05:37.149579", "level": "INFO", "logger": "__main__", "message": "Starting ETNA Threat Hunting Platform", "module": "main", "function": "<module>", "line": 24}
{"timestamp": "2025-07-01T17:05:37.152598", "level": "INFO", "logger": "src.cti_integration", "message": "No MITRE data available, fetching...", "module": "cti_integration", "function": "get_techniques_dataframe", "line": 478}
{"timestamp": "2025-07-01T17:05:37.156121", "level": "WARNING", "logger": "src.cti_integration", "message": "No MITRE techniques found in data", "module": "cti_integration", "function": "get_techniques_dataframe", "line": 516}
{"timestamp": "2025-07-01T17:05:37.158338", "level": "INFO", "logger": "src.cti_integration", "message": "Loaded 0 MITRE techniques", "module": "cti_integration", "function": "get_techniques_dataframe", "line": 519}
{"timestamp": "2025-07-01T17:05:37.168985", "level": "INFO", "logger": "src.security", "message": "File validation passed: data/logs/sample_log.csv", "module": "security", "function": "validate_file_path", "line": 106}
{"timestamp": "2025-07-01T17:05:37.169983", "level": "INFO", "logger": "src.security", "message": "File validation passed: data/logs/sample_log.csv", "module": "security", "function": "validate_file_path", "line": 106}
{"timestamp": "2025-07-01T17:05:37.171003", "level": "INFO", "logger": "src.log_parser", "message": "File validation passed for: data/logs/sample_log.csv", "module": "log_parser", "function": "__init__", "line": 37}
{"timestamp": "2025-07-01T17:05:37.171984", "level": "INFO", "logger": "src.log_parser", "message": "File hash: 81aaff0f2d243deebcefb590049f1177d62e8c61d8c59604720b063dfebdee19", "module": "log_parser", "function": "__init__", "line": 45}
{"timestamp": "2025-07-01T17:05:37.197241", "level": "INFO", "logger": "src.log_parser", "message": "Successfully parsed and normalized 8 records from data/logs/sample_log.csv", "module": "log_parser", "function": "parse", "line": 155}
{"timestamp": "2025-07-01T17:05:37.202296", "level": "WARNING", "logger": "src.cti_integration", "message": "Techniques DataFrame is empty, attempting to reload...", "module": "cti_integration", "function": "get_technique_by_id", "line": 525}
{"timestamp": "2025-07-01T17:05:37.203277", "level": "WARNING", "logger": "src.cti_integration", "message": "No MITRE techniques found in data", "module": "cti_integration", "function": "get_techniques_dataframe", "line": 516}
{"timestamp": "2025-07-01T17:05:37.203277", "level": "INFO", "logger": "src.cti_integration", "message": "Loaded 0 MITRE techniques", "module": "cti_integration", "function": "get_techniques_dataframe", "line": 519}
{"timestamp": "2025-07-01T17:05:37.203277", "level": "ERROR", "logger": "src.cti_integration", "message": "No MITRE techniques available", "module": "cti_integration", "function": "get_technique_by_id", "line": 530}
{"timestamp": "2025-07-01T17:05:37.204276", "level": "WARNING", "logger": "src.cti_integration", "message": "Techniques DataFrame is empty, attempting to reload...", "module": "cti_integration", "function": "get_technique_by_id", "line": 525}
{"timestamp": "2025-07-01T17:05:37.205276", "level": "WARNING", "logger": "src.cti_integration", "message": "No MITRE techniques found in data", "module": "cti_integration", "function": "get_techniques_dataframe", "line": 516}
{"timestamp": "2025-07-01T17:05:37.205276", "level": "INFO", "logger": "src.cti_integration", "message": "Loaded 0 MITRE techniques", "module": "cti_integration", "function": "get_techniques_dataframe", "line": 519}
{"timestamp": "2025-07-01T17:05:37.205276", "level": "ERROR", "logger": "src.cti_integration", "message": "No MITRE techniques available", "module": "cti_integration", "function": "get_technique_by_id", "line": 530}
{"timestamp": "2025-07-01T17:05:37.205276", "level": "WARNING", "logger": "src.cti_integration", "message": "Techniques DataFrame is empty, attempting to reload...", "module": "cti_integration", "function": "get_technique_by_id", "line": 525}
{"timestamp": "2025-07-01T17:05:37.206277", "level": "WARNING", "logger": "src.cti_integration", "message": "No MITRE techniques found in data", "module": "cti_integration", "function": "get_techniques_dataframe", "line": 516}
{"timestamp": "2025-07-01T17:05:37.206781", "level": "INFO", "logger": "src.cti_integration", "message": "Loaded 0 MITRE techniques", "module": "cti_integration", "function": "get_techniques_dataframe", "line": 519}
{"timestamp": "2025-07-01T17:05:37.206781", "level": "ERROR", "logger": "src.cti_integration", "message": "No MITRE techniques available", "module": "cti_integration", "function": "get_technique_by_id", "line": 530}
{"timestamp": "2025-07-01T17:05:37.206781", "level": "WARNING", "logger": "src.cti_integration", "message": "Techniques DataFrame is empty, attempting to reload...", "module": "cti_integration", "function": "get_technique_by_id", "line": 525}
{"timestamp": "2025-07-01T17:05:37.207804", "level": "WARNING", "logger": "src.cti_integration", "message": "No MITRE techniques found in data", "module": "cti_integration", "function": "get_techniques_dataframe", "line": 516}
{"timestamp": "2025-07-01T17:05:37.207804", "level": "INFO", "logger": "src.cti_integration", "message": "Loaded 0 MITRE techniques", "module": "cti_integration", "function": "get_techniques_dataframe", "line": 519}
{"timestamp": "2025-07-01T17:05:37.207804", "level": "ERROR", "logger": "src.cti_integration", "message": "No MITRE techniques available", "module": "cti_integration", "function": "get_technique_by_id", "line": 530}
{"timestamp": "2025-07-01T17:05:37.207804", "level": "WARNING", "logger": "src.cti_integration", "message": "Techniques DataFrame is empty, attempting to reload...", "module": "cti_integration", "function": "get_technique_by_id", "line": 525}
{"timestamp": "2025-07-01T17:05:37.208802", "level": "WARNING", "logger": "src.cti_integration", "message": "No MITRE techniques found in data", "module": "cti_integration", "function": "get_techniques_dataframe", "line": 516}
{"timestamp": "2025-07-01T17:05:37.208802", "level": "INFO", "logger": "src.cti_integration", "message": "Loaded 0 MITRE techniques", "module": "cti_integration", "function": "get_techniques_dataframe", "line": 519}
{"timestamp": "2025-07-01T17:05:37.208802", "level": "ERROR", "logger": "src.cti_integration", "message": "No MITRE techniques available", "module": "cti_integration", "function": "get_technique_by_id", "line": 530}
{"timestamp": "2025-07-01T17:05:38.577971", "level": "INFO", "logger": "__main__", "message": "ETNA execution completed successfully", "module": "main", "function": "<module>", "line": 173}
{"timestamp": "2025-07-01T17:07:29.977149", "level": "INFO", "logger": "root", "message": "Logging configuration initialized", "module": "logging_config", "function": "setup_logging", "line": 120}
{"timestamp": "2025-07-01T17:07:29.978699", "level": "INFO", "logger": "__main__", "message": "Starting ETNA Threat Hunting Platform", "module": "main", "function": "<module>", "line": 24}
{"timestamp": "2025-07-01T17:07:29.981674", "level": "INFO", "logger": "src.cti_integration", "message": "No MITRE data available, fetching...", "module": "cti_integration", "function": "get_techniques_dataframe", "line": 478}
{"timestamp": "2025-07-01T17:07:29.984678", "level": "WARNING", "logger": "src.cti_integration", "message": "No MITRE techniques found in data", "module": "cti_integration", "function": "get_techniques_dataframe", "line": 516}
{"timestamp": "2025-07-01T17:07:29.987908", "level": "INFO", "logger": "src.cti_integration", "message": "Loaded 0 MITRE techniques", "module": "cti_integration", "function": "get_techniques_dataframe", "line": 519}
{"timestamp": "2025-07-01T17:07:29.996703", "level": "INFO", "logger": "src.security", "message": "File validation passed: data/logs/sample_log.csv", "module": "security", "function": "validate_file_path", "line": 106}
{"timestamp": "2025-07-01T17:07:29.998216", "level": "INFO", "logger": "src.security", "message": "File validation passed: data/logs/sample_log.csv", "module": "security", "function": "validate_file_path", "line": 106}
{"timestamp": "2025-07-01T17:07:29.998216", "level": "INFO", "logger": "src.log_parser", "message": "File validation passed for: data/logs/sample_log.csv", "module": "log_parser", "function": "__init__", "line": 37}
{"timestamp": "2025-07-01T17:07:30.001249", "level": "INFO", "logger": "src.log_parser", "message": "File hash: 81aaff0f2d243deebcefb590049f1177d62e8c61d8c59604720b063dfebdee19", "module": "log_parser", "function": "__init__", "line": 45}
{"timestamp": "2025-07-01T17:07:30.021241", "level": "INFO", "logger": "src.log_parser", "message": "Successfully parsed and normalized 8 records from data/logs/sample_log.csv", "module": "log_parser", "function": "parse", "line": 155}
{"timestamp": "2025-07-01T17:07:30.024210", "level": "WARNING", "logger": "src.cti_integration", "message": "Techniques DataFrame is empty, attempting to reload...", "module": "cti_integration", "function": "get_technique_by_id", "line": 525}
{"timestamp": "2025-07-01T17:07:30.025210", "level": "WARNING", "logger": "src.cti_integration", "message": "No MITRE techniques found in data", "module": "cti_integration", "function": "get_techniques_dataframe", "line": 516}
{"timestamp": "2025-07-01T17:07:30.025210", "level": "INFO", "logger": "src.cti_integration", "message": "Loaded 0 MITRE techniques", "module": "cti_integration", "function": "get_techniques_dataframe", "line": 519}
{"timestamp": "2025-07-01T17:07:30.026245", "level": "ERROR", "logger": "src.cti_integration", "message": "No MITRE techniques available", "module": "cti_integration", "function": "get_technique_by_id", "line": 530}
{"timestamp": "2025-07-01T17:07:30.026777", "level": "WARNING", "logger": "src.cti_integration", "message": "Techniques DataFrame is empty, attempting to reload...", "module": "cti_integration", "function": "get_technique_by_id", "line": 525}
{"timestamp": "2025-07-01T17:07:30.026777", "level": "WARNING", "logger": "src.cti_integration", "message": "No MITRE techniques found in data", "module": "cti_integration", "function": "get_techniques_dataframe", "line": 516}
{"timestamp": "2025-07-01T17:07:30.027793", "level": "INFO", "logger": "src.cti_integration", "message": "Loaded 0 MITRE techniques", "module": "cti_integration", "function": "get_techniques_dataframe", "line": 519}
{"timestamp": "2025-07-01T17:07:30.027793", "level": "ERROR", "logger": "src.cti_integration", "message": "No MITRE techniques available", "module": "cti_integration", "function": "get_technique_by_id", "line": 530}
{"timestamp": "2025-07-01T17:07:30.028482", "level": "WARNING", "logger": "src.cti_integration", "message": "Techniques DataFrame is empty, attempting to reload...", "module": "cti_integration", "function": "get_technique_by_id", "line": 525}
{"timestamp": "2025-07-01T17:07:30.029497", "level": "WARNING", "logger": "src.cti_integration", "message": "No MITRE techniques found in data", "module": "cti_integration", "function": "get_techniques_dataframe", "line": 516}
{"timestamp": "2025-07-01T17:07:30.029497", "level": "INFO", "logger": "src.cti_integration", "message": "Loaded 0 MITRE techniques", "module": "cti_integration", "function": "get_techniques_dataframe", "line": 519}
{"timestamp": "2025-07-01T17:07:30.029497", "level": "ERROR", "logger": "src.cti_integration", "message": "No MITRE techniques available", "module": "cti_integration", "function": "get_technique_by_id", "line": 530}
{"timestamp": "2025-07-01T17:07:30.030501", "level": "WARNING", "logger": "src.cti_integration", "message": "Techniques DataFrame is empty, attempting to reload...", "module": "cti_integration", "function": "get_technique_by_id", "line": 525}
{"timestamp": "2025-07-01T17:07:30.030501", "level": "WARNING", "logger": "src.cti_integration", "message": "No MITRE techniques found in data", "module": "cti_integration", "function": "get_techniques_dataframe", "line": 516}
{"timestamp": "2025-07-01T17:07:30.031496", "level": "INFO", "logger": "src.cti_integration", "message": "Loaded 0 MITRE techniques", "module": "cti_integration", "function": "get_techniques_dataframe", "line": 519}
{"timestamp": "2025-07-01T17:07:30.031496", "level": "ERROR", "logger": "src.cti_integration", "message": "No MITRE techniques available", "module": "cti_integration", "function": "get_technique_by_id", "line": 530}
{"timestamp": "2025-07-01T17:07:30.031496", "level": "WARNING", "logger": "src.cti_integration", "message": "Techniques DataFrame is empty, attempting to reload...", "module": "cti_integration", "function": "get_technique_by_id", "line": 525}
{"timestamp": "2025-07-01T17:07:30.032562", "level": "WARNING", "logger": "src.cti_integration", "message": "No MITRE techniques found in data", "module": "cti_integration", "function": "get_techniques_dataframe", "line": 516}
{"timestamp": "2025-07-01T17:07:30.032562", "level": "INFO", "logger": "src.cti_integration", "message": "Loaded 0 MITRE techniques", "module": "cti_integration", "function": "get_techniques_dataframe", "line": 519}
{"timestamp": "2025-07-01T17:07:30.033599", "level": "ERROR", "logger": "src.cti_integration", "message": "No MITRE techniques available", "module": "cti_integration", "function": "get_technique_by_id", "line": 530}
{"timestamp": "2025-07-01T17:07:31.303229", "level": "INFO", "logger": "__main__", "message": "ETNA execution completed successfully", "module": "main", "function": "<module>", "line": 173}
{"timestamp": "2025-07-01T17:10:31.007547", "level": "INFO", "logger": "root", "message": "Logging configuration initialized", "module": "logging_config", "function": "setup_logging", "line": 120}
{"timestamp": "2025-07-01T17:10:31.007547", "level": "INFO", "logger": "__main__", "message": "Starting ETNA Threat Hunting Platform", "module": "main", "function": "<module>", "line": 24}
{"timestamp": "2025-07-01T17:10:31.009560", "level": "INFO", "logger": "src.cti_integration", "message": "No MITRE data available, fetching...", "module": "cti_integration", "function": "get_techniques_dataframe", "line": 490}
{"timestamp": "2025-07-01T17:10:31.009560", "level": "INFO", "logger": "src.cti_integration", "message": "Loaded cached MITRE data with 0 objects", "module": "cti_integration", "function": "fetch_mitre_attack_data", "line": 460}
{"timestamp": "2025-07-01T17:10:31.011579", "level": "WARNING", "logger": "src.cti_integration", "message": "No MITRE techniques found in data", "module": "cti_integration", "function": "get_techniques_dataframe", "line": 528}
{"timestamp": "2025-07-01T17:10:31.011579", "level": "INFO", "logger": "src.cti_integration", "message": "Loaded 0 MITRE techniques", "module": "cti_integration", "function": "get_techniques_dataframe", "line": 531}
{"timestamp": "2025-07-01T17:10:31.019708", "level": "INFO", "logger": "src.security", "message": "File validation passed: data/logs/sample_log.csv", "module": "security", "function": "validate_file_path", "line": 106}
{"timestamp": "2025-07-01T17:10:31.020709", "level": "INFO", "logger": "src.security", "message": "File validation passed: data/logs/sample_log.csv", "module": "security", "function": "validate_file_path", "line": 106}
{"timestamp": "2025-07-01T17:10:31.020709", "level": "INFO", "logger": "src.log_parser", "message": "File validation passed for: data/logs/sample_log.csv", "module": "log_parser", "function": "__init__", "line": 37}
{"timestamp": "2025-07-01T17:10:31.022730", "level": "INFO", "logger": "src.log_parser", "message": "File hash: 81aaff0f2d243deebcefb590049f1177d62e8c61d8c59604720b063dfebdee19", "module": "log_parser", "function": "__init__", "line": 45}
{"timestamp": "2025-07-01T17:10:31.033766", "level": "INFO", "logger": "src.log_parser", "message": "Successfully parsed and normalized 8 records from data/logs/sample_log.csv", "module": "log_parser", "function": "parse", "line": 155}
{"timestamp": "2025-07-01T17:10:31.036862", "level": "WARNING", "logger": "src.cti_integration", "message": "Techniques DataFrame is empty, attempting to reload...", "module": "cti_integration", "function": "get_technique_by_id", "line": 537}
{"timestamp": "2025-07-01T17:10:31.037874", "level": "WARNING", "logger": "src.cti_integration", "message": "No MITRE techniques found in data", "module": "cti_integration", "function": "get_techniques_dataframe", "line": 528}
{"timestamp": "2025-07-01T17:10:31.038872", "level": "INFO", "logger": "src.cti_integration", "message": "Loaded 0 MITRE techniques", "module": "cti_integration", "function": "get_techniques_dataframe", "line": 531}
{"timestamp": "2025-07-01T17:10:31.038872", "level": "ERROR", "logger": "src.cti_integration", "message": "No MITRE techniques available", "module": "cti_integration", "function": "get_technique_by_id", "line": 542}
{"timestamp": "2025-07-01T17:10:31.039871", "level": "WARNING", "logger": "src.cti_integration", "message": "Techniques DataFrame is empty, attempting to reload...", "module": "cti_integration", "function": "get_technique_by_id", "line": 537}
{"timestamp": "2025-07-01T17:10:31.040871", "level": "WARNING", "logger": "src.cti_integration", "message": "No MITRE techniques found in data", "module": "cti_integration", "function": "get_techniques_dataframe", "line": 528}
{"timestamp": "2025-07-01T17:10:31.041888", "level": "INFO", "logger": "src.cti_integration", "message": "Loaded 0 MITRE techniques", "module": "cti_integration", "function": "get_techniques_dataframe", "line": 531}
{"timestamp": "2025-07-01T17:10:31.041888", "level": "ERROR", "logger": "src.cti_integration", "message": "No MITRE techniques available", "module": "cti_integration", "function": "get_technique_by_id", "line": 542}
{"timestamp": "2025-07-01T17:10:31.041888", "level": "WARNING", "logger": "src.cti_integration", "message": "Techniques DataFrame is empty, attempting to reload...", "module": "cti_integration", "function": "get_technique_by_id", "line": 537}
{"timestamp": "2025-07-01T17:10:31.043092", "level": "WARNING", "logger": "src.cti_integration", "message": "No MITRE techniques found in data", "module": "cti_integration", "function": "get_techniques_dataframe", "line": 528}
{"timestamp": "2025-07-01T17:10:31.044143", "level": "INFO", "logger": "src.cti_integration", "message": "Loaded 0 MITRE techniques", "module": "cti_integration", "function": "get_techniques_dataframe", "line": 531}
{"timestamp": "2025-07-01T17:10:31.044143", "level": "ERROR", "logger": "src.cti_integration", "message": "No MITRE techniques available", "module": "cti_integration", "function": "get_technique_by_id", "line": 542}
{"timestamp": "2025-07-01T17:10:31.044143", "level": "WARNING", "logger": "src.cti_integration", "message": "Techniques DataFrame is empty, attempting to reload...", "module": "cti_integration", "function": "get_technique_by_id", "line": 537}
{"timestamp": "2025-07-01T17:10:31.045141", "level": "WARNING", "logger": "src.cti_integration", "message": "No MITRE techniques found in data", "module": "cti_integration", "function": "get_techniques_dataframe", "line": 528}
{"timestamp": "2025-07-01T17:10:31.045141", "level": "INFO", "logger": "src.cti_integration", "message": "Loaded 0 MITRE techniques", "module": "cti_integration", "function": "get_techniques_dataframe", "line": 531}
{"timestamp": "2025-07-01T17:10:31.045141", "level": "ERROR", "logger": "src.cti_integration", "message": "No MITRE techniques available", "module": "cti_integration", "function": "get_technique_by_id", "line": 542}
{"timestamp": "2025-07-01T17:10:31.046120", "level": "WARNING", "logger": "src.cti_integration", "message": "Techniques DataFrame is empty, attempting to reload...", "module": "cti_integration", "function": "get_technique_by_id", "line": 537}
{"timestamp": "2025-07-01T17:10:31.046685", "level": "WARNING", "logger": "src.cti_integration", "message": "No MITRE techniques found in data", "module": "cti_integration", "function": "get_techniques_dataframe", "line": 528}
{"timestamp": "2025-07-01T17:10:31.047228", "level": "INFO", "logger": "src.cti_integration", "message": "Loaded 0 MITRE techniques", "module": "cti_integration", "function": "get_techniques_dataframe", "line": 531}
{"timestamp": "2025-07-01T17:10:31.047228", "level": "ERROR", "logger": "src.cti_integration", "message": "No MITRE techniques available", "module": "cti_integration", "function": "get_technique_by_id", "line": 542}
{"timestamp": "2025-07-01T17:10:32.000119", "level": "INFO", "logger": "__main__", "message": "ETNA execution completed successfully", "module": "main", "function": "<module>", "line": 173}
{"timestamp": "2025-07-01T17:13:26.226960", "level": "INFO", "logger": "root", "message": "Logging configuration initialized", "module": "logging_config", "function": "setup_logging", "line": 120}
{"timestamp": "2025-07-01T17:13:26.226960", "level": "INFO", "logger": "__main__", "message": "Starting ETNA Threat Hunting Platform", "module": "main", "function": "<module>", "line": 24}
{"timestamp": "2025-07-01T17:13:26.230968", "level": "INFO", "logger": "src.cti_integration", "message": "Downloading MITRE ATT&CK data...", "module": "cti_integration", "function": "fetch_mitre_attack_data", "line": 466}
{"timestamp": "2025-07-01T17:13:29.386346", "level": "INFO", "logger": "src.cti_integration", "message": "Downloaded MITRE data with 22652 objects", "module": "cti_integration", "function": "fetch_mitre_attack_data", "line": 471}
{"timestamp": "2025-07-01T17:13:30.886773", "level": "ERROR", "logger": "__main__", "message": "Unexpected error: 'charmap' codec can't encode characters in position 0-1: character maps to <undefined>", "module": "main", "function": "<module>", "line": 186}
{"timestamp": "2025-07-01T17:13:43.414575", "level": "INFO", "logger": "root", "message": "Logging configuration initialized", "module": "logging_config", "function": "setup_logging", "line": 120}
{"timestamp": "2025-07-01T17:13:43.416190", "level": "INFO", "logger": "__main__", "message": "Starting ETNA Threat Hunting Platform", "module": "main", "function": "<module>", "line": 24}
{"timestamp": "2025-07-01T17:13:43.418223", "level": "INFO", "logger": "src.cti_integration", "message": "Downloading MITRE ATT&CK data...", "module": "cti_integration", "function": "fetch_mitre_attack_data", "line": 466}
{"timestamp": "2025-07-01T17:13:44.289916", "level": "INFO", "logger": "src.cti_integration", "message": "Downloaded MITRE data with 22652 objects", "module": "cti_integration", "function": "fetch_mitre_attack_data", "line": 471}
{"timestamp": "2025-07-01T17:13:45.829194", "level": "INFO", "logger": "src.cti_integration", "message": "Loaded 823 MITRE techniques", "module": "cti_integration", "function": "get_techniques_dataframe", "line": 531}
{"timestamp": "2025-07-01T17:13:45.839134", "level": "INFO", "logger": "src.security", "message": "File validation passed: data/logs/sample_log.csv", "module": "security", "function": "validate_file_path", "line": 106}
{"timestamp": "2025-07-01T17:13:45.841141", "level": "INFO", "logger": "src.security", "message": "File validation passed: data/logs/sample_log.csv", "module": "security", "function": "validate_file_path", "line": 106}
{"timestamp": "2025-07-01T17:13:45.841141", "level": "INFO", "logger": "src.log_parser", "message": "File validation passed for: data/logs/sample_log.csv", "module": "log_parser", "function": "__init__", "line": 37}
{"timestamp": "2025-07-01T17:13:45.844155", "level": "INFO", "logger": "src.log_parser", "message": "File hash: 81aaff0f2d243deebcefb590049f1177d62e8c61d8c59604720b063dfebdee19", "module": "log_parser", "function": "__init__", "line": 45}
{"timestamp": "2025-07-01T17:13:45.866457", "level": "INFO", "logger": "src.log_parser", "message": "Successfully parsed and normalized 8 records from data/logs/sample_log.csv", "module": "log_parser", "function": "parse", "line": 155}
{"timestamp": "2025-07-01T17:13:47.137785", "level": "INFO", "logger": "__main__", "message": "ETNA execution completed successfully", "module": "main", "function": "<module>", "line": 178}
